生成日期：20231129235101(当前工程Id:0112, 用户：pyf)
针对表:01120563(vPaperSubViewpointLikeLog)
针对表:01120561(PaperSubViewpointAppraise)
针对表:01120560(PaperSubViewpointLikeLog)
针对表:01120562(vPaperSubViewpointAppraise)
针对表:01120598(vPaperSubAttachment)
针对表:01120579(PaperSubAttachment)
针对表:01120655(vRTSysSocialRela)
针对表:01120955(RTViewpoint)
针对表:01120534(PaperSubViewpoint)
针对表:01120551(vPaperSubViewpoint)
针对表:01120956(vRTViewpoint)
针对表:01120944(vPaperSimPro)
针对表:01120535(Paper)
针对表:01120542(Viewpoint)
针对表:01120617(vTopicObjective)
针对表:01120613(TopicObjective)
针对表:01120086(cc_QuestionAnswerCorrectBak)
针对表:01120583(vRTPaperRela)
针对表:01120644(SysSocialRelations)
针对表:01120646(SysSkill)
共计生成文件数:0(共计表:20).
