生成日期：20231104233828(当前工程Id:0112, 用户：pyf)
针对表:01120952(Aqa_QuestionsEx)
针对表:01120131(StudentInfo)
针对表:01120242(vcc_ExamPaperStuBatchRela)
针对表:01120247(vcc_ExamPaperStuBatchRela_JT)
针对表:01120236(vcc_ExamPaperStuRelation)
针对表:01120255(vcc_ExamPaperStuRelation4App)
针对表:01120241(vcc_PaperStuBatchQuesRela)
针对表:01120248(vcc_PaperStuBatchQuesRela_JT)
针对表:01120244(vcc_PaperStuBatchQuesRela_Total)
针对表:01120249(vcc_PaperStuBatchQuesRela_Total_JT)
针对表:01120198(vcc_WorkStuRelation)
针对表:01120168(vcc_WorkStuRelation_Total)
针对表:01120355(vcc_WorkStuRelation_TotalByQuType)
针对表:01120252(vcc_WorkStuRelation4App)
针对表:01120205(vcc_WorkStuRelation4Correct)
针对表:01120206(vcc_WorkStuRelation4ErrorLib)
针对表:01120225(vcc_WorkStuRelation4GoodLib)
针对表:01120199(vcc_WorkStuRelationScore)
针对表:01120382(vClsRmTeachingCase)
针对表:01120488(vClsRmTeachingCase_Base)
针对表:01120435(vClsRmTeachingCase_Resource_Rel)
针对表:01120417(vCoursewareCase)
针对表:01120494(vCoursewareCase_Base)
针对表:01120433(vCoursewareCase_Resource_Rel)
针对表:01120127(vCurrEduClsStu)
针对表:01120336(vCurrEduClsStu_JT)
针对表:01120224(vCurrEduClsStu4App)
针对表:01120181(vCurrEduClsStu4Correct)
针对表:01120380(vEduMSTRGiftedClsCase)
针对表:01120498(vEduMSTRGiftedClsCase_Base)
针对表:01120431(vEduMSTRGiftedClsCase_Resource_Rel)
针对表:01120452(vEduMSTRGiftedClsCaseQuantitySenate)
针对表:01120152(vExamPaperStuRelation)
针对表:01120465(vMandarinCase)
针对表:01120430(vMandarinCase_Resource_Rel)
针对表:01120451(vMandarinCaseQuantitySenate)
针对表:01120324(vMicroTeachCase)
针对表:01120370(vMicroteachCase_Resource_Rel)
针对表:01120457(vMicroteachCaseSiteSenate)
针对表:01120218(vQuestionStuFinishedStatus)
针对表:01120132(vStudentInfo)
针对表:01120945(vStudentInfo_Sim)
针对表:01120468(vWritingOnBBCase)
针对表:01120423(vWritingOnBBCase_Resource_Rel)
针对表:01120446(vWritingOnBBCaseQuantitySenate)
针对表:01120056(cc_Course)
针对表:01120057(cc_CourseType)
针对表:01120233(cc_ExamPaperEduClsRela)
针对表:01120092(cc_ExcellenttTeachingTeam)
针对表:01120164(cc_WorkEduClsRela)
针对表:01120345(CjScoreType)
针对表:01120576(ClsRmType)
针对表:01120123(CurrEduCls)
针对表:01120927(CurrEduCls_Syn)
针对表:01120358(CurrEduCls4Synch)
针对表:01120125(CurrEduClsStu)
针对表:01120180(CurrEduClsStu4Correct)
针对表:01120359(CurrEduClsStu4Synch)
针对表:01120124(CurrEduClsTeacher)
针对表:01120574(EduClsStuState)
针对表:01120136(KcCrsType)
针对表:01120573(KcWkStatus)
针对表:01120348(KsExamType)
针对表:01120133(Pk2EduClsTeacherType)
针对表:01120111(RsAdminGrade)
针对表:01120110(RsPolitics)
针对表:01120107(RsProvince)
针对表:01120109(RsQualif)
针对表:01120108(RsReligion)
针对表:01120101(RsStaffType)
针对表:01120162(RsStuType)
针对表:01120103(Sex)
针对表:01120093(TeacherInfo)
针对表:01120518(vCaseAddiSiteRela_YTCase)
针对表:01120058(vcc_Course)
针对表:01120950(vcc_Course_Sim)
针对表:01120213(vcc_CoursePro)
针对表:01120096(vcc_CourseTeacherRelation)
针对表:01120260(vcc_CourseTeacherRelation4App)
针对表:01120059(vcc_CourseType)
针对表:01120234(vcc_ExamPaperEduClsRela)
针对表:01120254(vcc_ExamPaperEduClsRela4App)
针对表:01120197(vcc_WorkEduClsRela)
针对表:01120253(vcc_WorkEduClsRela4App)
针对表:01120346(vCjScoreType)
针对表:01120456(vClsRmTeachingCaseQuantitySenate)
针对表:01120269(vCourseLearningAppraise)
针对表:01120267(vCourseLearningCase)
针对表:01120268(vCourseLearningCase_Base)
针对表:01120434(vCourseLearningCase_Resource_Rel)
针对表:01120455(vCourseLearningCaseQuantitySenate)
针对表:01120270(vCourseLearningCaseRelaInfo)
针对表:01120472(vCourseLearningCaseWithResourceRel)
针对表:01120454(vCoursewareCaseQuantitySenate)
针对表:01120403(vCoursewareCaseRelaInfo)
针对表:01120419(vCoursewareResCase)
针对表:01120496(vCoursewareResCase_Base)
针对表:01120432(vCoursewareResCase_Resource_Rel)
针对表:01120453(vCoursewareResCaseQuantitySenate)
针对表:01120395(vCoursewareResCaseRelaInfo)
针对表:01120126(vCurrEduCls)
针对表:01120928(vCurrEduCls_Syn)
针对表:01120361(vCurrEduCls4Synch)
针对表:01120128(vCurrEduClsTeacher)
针对表:01120259(vCurrEduClsTeacher4App)
针对表:01120402(vEduMSTRGiftedClsCaseRelaInfo)
针对表:01120540(vMajorCourseRela)
针对表:01120265(vMicroteachAppraise)
针对表:01120429(vMicroteachCase_Resource_Rel4All)
针对表:01120428(vMicroteachCase_Resource_Rel4Tea)
针对表:01120327(vMicroteachCase4All)
针对表:01120503(vMicroteachCase4Tea)
针对表:01120444(vMicroteachCaseQuantitySenate)
针对表:01120493(vMicroteachCaseQuantitySenateItems)
针对表:01120412(vPubClassCaseFreeSenate)
针对表:01120414(vPubClassCaseQuantitySenate)
针对表:01120384(vTeachCase)
针对表:01120426(vTeachCase_Resource_Rel)
针对表:01120094(vTeacherInfo)
针对表:01120378(vTeachingCaseResCase)
针对表:01120515(vTeachingCaseResCase_Base)
针对表:01120425(vTeachingCaseResCase_Resource_Rel)
针对表:01120450(vTeachingCaseResCaseQuantitySenate)
针对表:01120394(vTeachingCaseResCaseRelaInfo)
针对表:01120138(vTeachingSolution)
针对表:01120027(vUsers)
针对表:01120262(vVideoLib)
针对表:01120329(vVideoLib_Base)
针对表:01120442(vVideoLib_Resource_Rel)
针对表:01120266(vVideoLibAppraise)
针对表:01120449(vVideoLibQuantitySenate)
针对表:01120405(vVideoLibRelaInfo)
针对表:01120372(vVideoResCase)
针对表:01120527(vVideoResCase_Base)
针对表:01120424(vVideoResCase_Resource_Rel)
针对表:01120448(vVideoResCaseQuantitySenate)
针对表:01120447(vVideoResCaseQuantitySenateItems)
针对表:01120398(vVideoResCaseRelaInfo)
针对表:01120163(vXzAdminCls)
针对表:01120139(vXzClg)
针对表:01120368(vXzGrade_ps)
针对表:01120130(vXzGradeBase)
针对表:01120066(vXzMajor)
针对表:01120332(vXzUniZone)
针对表:01120464(vYoungTAppraisedCase)
针对表:01120422(vYoungTAppraisedCase_Resource_Rel)
针对表:01120521(vYoungTAppraisedCase_Sim)
针对表:01120445(vYoungTAppraisedCaseQuantitySenate)
针对表:01120194(XzAdminCls)
针对表:01120064(XzClg)
针对表:01120349(XzGrade)
针对表:01120367(XzGrade_ps)
针对表:01120129(XzGradeBase)
针对表:01120065(XzMajor)
针对表:01120068(XzMajorType)
针对表:01120095(XzUniZone)
共计生成文件数:0(共计表:156).
