生成日期：20240318024334(当前工程Id:0112, 用户：pyf)
针对表:01120958(gs_VpClassification)
针对表:01120777(gs_VpClassificationRela)
针对表:01120921(QxProjects)
针对表:01120131(StudentInfo)
针对表:01120034(Users)
针对表:01120064(XzClg)
针对表:01120123(CurrEduCls)
针对表:01120145(cc_WorkStuRelation)
针对表:01120688(CacheMode)
针对表:01120534(PaperSubViewpoint)
针对表:01120125(CurrEduClsStu)
针对表:01120702(gs_ReflectLog)
针对表:01120872(gs_KnowledgesLogic)
针对表:01120929(AcademicJournals)
针对表:01120098(vcc_CourseExamPaper)
针对表:01120082(cc_CourseKnowledges)
针对表:01120060(cc_CourseChapter)
针对表:01120141(vcc_CourseKnowledges)
共计生成文件数:0(共计表:18).
