生成日期：20231108114321(当前工程Id:0112, 用户：pyf)
针对表:01120101(RsStaffType)
针对表:01120103(Sex)
针对表:01120107(RsProvince)
针对表:01120108(RsReligion)
针对表:01120109(RsQualif)
针对表:01120110(RsPolitics)
针对表:01120111(RsAdminGrade)
针对表:01120129(XzGradeBase)
针对表:01120095(XzUniZone)
针对表:01120576(ClsRmType)
针对表:01120068(XzMajorType)
针对表:01120064(XzClg)
针对表:01120065(XzMajor)
针对表:01120349(XzGrade)
针对表:01120093(TeacherInfo)
针对表:01120194(XzAdminCls)
针对表:01120136(KcCrsType)
针对表:01120574(EduClsStuState)
针对表:01120125(CurrEduClsStu)
针对表:01120927(CurrEduCls_Syn)
针对表:01120162(RsStuType)
针对表:01120180(CurrEduClsStu4Correct)
针对表:01120345(CjScoreType)
针对表:01120358(CurrEduCls4Synch)
针对表:01120359(CurrEduClsStu4Synch)
针对表:01120348(KsExamType)
针对表:01120361(vCurrEduCls4Synch)
针对表:01120346(vCjScoreType)
针对表:01120181(vCurrEduClsStu4Correct)
针对表:01120928(vCurrEduCls_Syn)
针对表:01120126(vCurrEduCls)
针对表:01120127(vCurrEduClsStu)
针对表:01120224(vCurrEduClsStu4App)
针对表:01120336(vCurrEduClsStu_JT)
针对表:01120163(vXzAdminCls)
针对表:01120094(vTeacherInfo)
针对表:01120066(vXzMajor)
针对表:01120139(vXzClg)
针对表:01120332(vXzUniZone)
针对表:01120130(vXzGradeBase)
针对表:01120131(StudentInfo)
针对表:01120952(Aqa_QuestionsEx)
针对表:01120380(vEduMSTRGiftedClsCase)
针对表:01120431(vEduMSTRGiftedClsCase_Resource_Rel)
针对表:01120498(vEduMSTRGiftedClsCase_Base)
针对表:01120452(vEduMSTRGiftedClsCaseQuantitySenate)
针对表:01120488(vClsRmTeachingCase_Base)
针对表:01120435(vClsRmTeachingCase_Resource_Rel)
针对表:01120382(vClsRmTeachingCase)
针对表:01120423(vWritingOnBBCase_Resource_Rel)
针对表:01120446(vWritingOnBBCaseQuantitySenate)
针对表:01120468(vWritingOnBBCase)
针对表:01120465(vMandarinCase)
针对表:01120451(vMandarinCaseQuantitySenate)
针对表:01120430(vMandarinCase_Resource_Rel)
针对表:01120433(vCoursewareCase_Resource_Rel)
针对表:01120417(vCoursewareCase)
针对表:01120494(vCoursewareCase_Base)
针对表:01120152(vExamPaperStuRelation)
针对表:01120355(vcc_WorkStuRelation_TotalByQuType)
针对表:01120168(vcc_WorkStuRelation_Total)
针对表:01120236(vcc_ExamPaperStuRelation)
针对表:01120244(vcc_PaperStuBatchQuesRela_Total)
针对表:01120247(vcc_ExamPaperStuBatchRela_JT)
针对表:01120248(vcc_PaperStuBatchQuesRela_JT)
针对表:01120249(vcc_PaperStuBatchQuesRela_Total_JT)
针对表:01120252(vcc_WorkStuRelation4App)
针对表:01120255(vcc_ExamPaperStuRelation4App)
针对表:01120241(vcc_PaperStuBatchQuesRela)
针对表:01120242(vcc_ExamPaperStuBatchRela)
针对表:01120198(vcc_WorkStuRelation)
针对表:01120199(vcc_WorkStuRelationScore)
针对表:01120225(vcc_WorkStuRelation4GoodLib)
针对表:01120205(vcc_WorkStuRelation4Correct)
针对表:01120206(vcc_WorkStuRelation4ErrorLib)
针对表:01120370(vMicroteachCase_Resource_Rel)
针对表:01120457(vMicroteachCaseSiteSenate)
针对表:01120324(vMicroTeachCase)
针对表:01120132(vStudentInfo)
针对表:01120945(vStudentInfo_Sim)
针对表:01120218(vQuestionStuFinishedStatus)
针对表:01120056(cc_Course)
针对表:01120057(cc_CourseType)
针对表:01120092(cc_ExcellenttTeachingTeam)
针对表:01120573(KcWkStatus)
针对表:01120133(Pk2EduClsTeacherType)
针对表:01120124(CurrEduClsTeacher)
针对表:01120233(cc_ExamPaperEduClsRela)
针对表:01120164(cc_WorkEduClsRela)
针对表:01120367(XzGrade_ps)
针对表:01120426(vTeachCase_Resource_Rel)
针对表:01120384(vTeachCase)
针对表:01120405(vVideoLibRelaInfo)
针对表:01120442(vVideoLib_Resource_Rel)
针对表:01120449(vVideoLibQuantitySenate)
针对表:01120262(vVideoLib)
针对表:01120266(vVideoLibAppraise)
针对表:01120329(vVideoLib_Base)
针对表:01120368(vXzGrade_ps)
针对表:01120372(vVideoResCase)
针对表:01120398(vVideoResCaseRelaInfo)
针对表:01120447(vVideoResCaseQuantitySenateItems)
针对表:01120448(vVideoResCaseQuantitySenate)
针对表:01120424(vVideoResCase_Resource_Rel)
针对表:01120527(vVideoResCase_Base)
针对表:01120515(vTeachingCaseResCase_Base)
针对表:01120425(vTeachingCaseResCase_Resource_Rel)
针对表:01120450(vTeachingCaseResCaseQuantitySenate)
针对表:01120378(vTeachingCaseResCase)
针对表:01120394(vTeachingCaseResCaseRelaInfo)
针对表:01120402(vEduMSTRGiftedClsCaseRelaInfo)
针对表:01120456(vClsRmTeachingCaseQuantitySenate)
针对表:01120412(vPubClassCaseFreeSenate)
针对表:01120414(vPubClassCaseQuantitySenate)
针对表:01120419(vCoursewareResCase)
针对表:01120395(vCoursewareResCaseRelaInfo)
针对表:01120432(vCoursewareResCase_Resource_Rel)
针对表:01120496(vCoursewareResCase_Base)
针对表:01120453(vCoursewareResCaseQuantitySenate)
针对表:01120464(vYoungTAppraisedCase)
针对表:01120521(vYoungTAppraisedCase_Sim)
针对表:01120445(vYoungTAppraisedCaseQuantitySenate)
针对表:01120422(vYoungTAppraisedCase_Resource_Rel)
针对表:01120403(vCoursewareCaseRelaInfo)
针对表:01120454(vCoursewareCaseQuantitySenate)
针对表:01120518(vCaseAddiSiteRela_YTCase)
针对表:01120253(vcc_WorkEduClsRela4App)
针对表:01120254(vcc_ExamPaperEduClsRela4App)
针对表:01120234(vcc_ExamPaperEduClsRela)
针对表:01120197(vcc_WorkEduClsRela)
针对表:01120128(vCurrEduClsTeacher)
针对表:01120259(vCurrEduClsTeacher4App)
针对表:01120950(vcc_Course_Sim)
针对表:01120096(vcc_CourseTeacherRelation)
针对表:01120260(vcc_CourseTeacherRelation4App)
针对表:01120213(vcc_CoursePro)
针对表:01120428(vMicroteachCase_Resource_Rel4Tea)
针对表:01120429(vMicroteachCase_Resource_Rel4All)
针对表:01120444(vMicroteachCaseQuantitySenate)
针对表:01120493(vMicroteachCaseQuantitySenateItems)
针对表:01120503(vMicroteachCase4Tea)
针对表:01120265(vMicroteachAppraise)
针对表:01120327(vMicroteachCase4All)
针对表:01120540(vMajorCourseRela)
针对表:01120455(vCourseLearningCaseQuantitySenate)
针对表:01120472(vCourseLearningCaseWithResourceRel)
针对表:01120434(vCourseLearningCase_Resource_Rel)
针对表:01120138(vTeachingSolution)
针对表:01120058(vcc_Course)
针对表:01120059(vcc_CourseType)
针对表:01120267(vCourseLearningCase)
针对表:01120268(vCourseLearningCase_Base)
针对表:01120269(vCourseLearningAppraise)
针对表:01120270(vCourseLearningCaseRelaInfo)
针对表:01120613(TopicObjective)
针对表:01120602(Concept)
针对表:01120542(Viewpoint)
针对表:01120534(PaperSubViewpoint)
针对表:01120623(SysCommentType)
针对表:01120685(gs_TotalDataType)
针对表:01120752(qa_QuestionsType)
针对表:01120694(gs_Share)
针对表:01120551(vPaperSubViewpoint)
针对表:01120689(CacheUseState)
针对表:01120552(XzMajorDirection)
针对表:01120141(vcc_CourseKnowledges)
针对表:01120553(vXzMajorDirection)
针对表:01120061(vcc_CourseChapter)
针对表:01120177(UserIdentity)
针对表:01120888(gs_KnowledgesGraphType)
针对表:01120890(KnowledgeType)
针对表:01120896(ge_StructureSection)
针对表:01120871(gs_RelaType)
针对表:01120873(gs_KnowledgesGraph)
针对表:01120082(cc_CourseKnowledges)
针对表:01120140(cc_KnowledgesExamLibRela)
针对表:01120949(vQuestionnaire_Sim)
针对表:01120690(vCacheUseState)
针对表:01120008(QuestionType)
针对表:01120029(XzSchool)
针对表:01120905(ge_DifficultyLevel)
针对表:01120907(ge_LevelModeType)
针对表:01120060(cc_CourseChapter)
针对表:01120684(gs_TeachingDate)
针对表:01120001(Questionnaire)
针对表:01120019(vQuestionnaire)
针对表:01120188(QuestionOptions)
针对表:01120688(CacheMode)
针对表:01120951(vCurrEduCls_Sim)
针对表:01120699(vUsersSim)
针对表:01120006(QuestionnaireBatch)
针对表:01120632(XzMajorShoolType)
针对表:01120714(gs_Tags)
针对表:01120558(Section)
针对表:01120641(qa_Answer)
针对表:01120675(gs_PaperType)
针对表:01120676(gs_PaperStatus)
针对表:01120919(PaperEduClsRela)
针对表:01120617(vTopicObjective)
针对表:01120653(vSysSkill)
针对表:01120619(vConcept)
针对表:01120543(vViewpoint)
针对表:01120654(vSysSocialRelations)
针对表:01120535(Paper)
针对表:01120566(PaperLikeLog)
针对表:01120567(PaperAppraise)
针对表:01120560(PaperSubViewpointLikeLog)
针对表:01120563(vPaperSubViewpointLikeLog)
针对表:01120658(RTSysSkillRela)
针对表:01120620(RTResearchResult)
针对表:01120605(RTConceptRela)
针对表:01120776(gs_TobeStudiedProblem)
针对表:01120778(vgs_ResearchResult)
针对表:01120780(gs_ResearchResult)
针对表:01120770(gs_MeetingMinutes)
针对表:01120768(vgs_MeetingMinutes)
针对表:01120629(SysScoreWeight)
针对表:01120630(vSysScoreWeight)
针对表:01120944(vPaperSimPro)
针对表:01120633(vSysVote)
针对表:01120071(cc_CourseExamPaper)
针对表:01120797(zx_SysCount)
针对表:01120625(SysCount)
针对表:01120704(zx_Text)
针对表:01120761(zx_Composition)
针对表:01120626(vSysCount)
针对表:01120595(vPaperCount)
针对表:01120596(vPaperCount2)
针对表:01120597(vPaperSim)
针对表:01120549(vPaper)
针对表:01120098(vcc_CourseExamPaper)
针对表:01120554(MajorDirectionPaperRela)
针对表:01120892(ge_KnowledgesUserMaster)
针对表:01120615(RTTopicObjectiveRela)
针对表:01120645(SysSocialRelationsVer)
针对表:01120587(DiscussionSubContent)
针对表:01120548(ExplainType)
针对表:01120897(ge_InspectionResults)
针对表:01120032(UserAnswerResult)
针对表:01120539(MajorCourseRela)
针对表:01120239(cc_ExamPaperStuBatchRela)
针对表:01120243(cc_PaperStuBatchQuesRela_Total)
针对表:01120600(ViewpointScore)
针对表:01120785(zx_AnswerCount)
针对表:01120721(zx_Answer)
针对表:01120705(zx_Viewpoint)
针对表:01120735(zx_GroupTextRela)
针对表:01120847(vzx_Answer)
针对表:01120074(cc_ExamPaperType)
针对表:01120134(SchoolYear)
针对表:01120538(OperationType)
针对表:01120946(CmPrjIdUserIdRela)
针对表:01120357(LoginLog)
针对表:01120062(cc_ExcellentType)
针对表:01120069(cc_Themes)
针对表:01120137(TeachingSolution)
针对表:01120938(ge_GameLevelEduClsRela)
针对表:01120904(ge_GameLevel)
针对表:01120895(ge_StructureGraph)
针对表:01120870(gs_KnowledgesLogicRela)
针对表:01120872(gs_KnowledgesLogic)
针对表:01120076(cc_CourseExamPaperRelationship)
针对表:01120097(cc_CourseTeacherRelation)
针对表:01120639(SysVote)
针对表:01120279(FeedBack)
针对表:01120544(ViewpointType)
针对表:01120557(LiteratureType)
针对表:01120589(DiscussionType)
针对表:01120745(gs_ParagraphState)
针对表:01120746(gs_ParagraphType)
针对表:01120679(gs_OriginalPaperLogType)
针对表:01120284(MessagePushUsersRelation)
针对表:01120681(gs_PaperDiscuss)
针对表:01120678(gs_PaperVer)
针对表:01120748(gs_PaperAttention)
针对表:01120749(gs_PaperGroup)
针对表:01120743(gs_PaperParagraphVer)
针对表:01120744(gs_PaperParagraph)
针对表:01120929(AcademicJournals)
针对表:01120931(JournalSubjectCategory)
针对表:01120571(PaperDownloadLog)
针对表:01120604(ConceptCitation)
针对表:01120546(ResearchTopic)
针对表:01120581(RTPaperRela)
针对表:01120801(zx_PaperReport)
针对表:01120775(gs_TobeStudiedProblemVer)
针对表:01120869(gs_TopicRole)
针对表:01120696(gs_RTqa_PaperRela)
针对表:01120702(gs_ReflectLog)
针对表:01120716(zx_TextRead)
针对表:01120908(PageDispMode)
针对表:01120585(vDiscussionSubContent)
针对表:01120771(vgs_PaperReport)
针对表:01120541(vRTViewpointRela)
针对表:01120555(vMajorDirectionPaperRela)
针对表:01120610(vViewpointAppraise)
针对表:01120750(vgs_PaperAttention)
针对表:01120282(vMessagePush)
针对表:01120257(vQxUserRoleRelation)
针对表:01120757(vgs_Tags)
针对表:01120937(vQuestionNumByKnowledgeId)
针对表:01120948(vcc_KnowledgesExamLibRela_QuestionNum)
针对表:01120003(AnswerMode)
针对表:01120004(AnswerType)
针对表:01120031(TextDirect)
针对表:01120135(SchoolTerm)
针对表:01120231(PlatDefaRole)
针对表:01120339(QuestionType4Course)
针对表:01120215(QuestionMarkStatus)
针对表:01120217(QuestionStuFinishedStatus)
针对表:01120203(UserDefaValue)
针对表:01120936(SysDefaValName)
针对表:01120153(KnowledgeLearnDetail)
针对表:01120155(KnowledgeLearnTotal)
针对表:01120070(cc_ExamGrade)
针对表:01120909(ge_QuestionKnowledgeGraphRela)
针对表:01120889(gs_KnowledgesLogic_User)
针对表:01120891(KnowledgeMasterLevel)
针对表:01120893(KnowledgeMasterType)
针对表:01120077(cc_PapersBigTopic)
针对表:01120090(cc_CourseExamPaperUserLog)
针对表:01120091(cc_CourseExamPaperUserExamsLog)
针对表:01120347(KcEduWay)
针对表:01120223(cc_WorkStuRelation4GoodLib)
针对表:01120182(cc_WorkStuRelation4Correct)
针对表:01120184(cc_WorkStuRelation4ErrorLib)
针对表:01120237(cc_ExamPaperQuestionTypeRela)
针对表:01120240(cc_PaperStuBatchQuesRela)
针对表:01120235(cc_ExamPaperStuRelation)
针对表:01120167(cc_WorkStuRelation_Total)
针对表:01120640(qa_Push)
针对表:01120642(qa_Questions)
针对表:01120643(qa_Paper)
针对表:01120354(cc_WorkStuRelation_TotalByQuType)
针对表:01120145(cc_WorkStuRelation)
针对表:01120807(zx_Tags)
针对表:01120868(zx_AnswerVer)
针对表:01120756(qa_AnswerVer)
针对表:01120481(QxUserRoleRelation)
针对表:01120590(TopicUserRole)
针对表:01120533(SubViewpointType)
针对表:01120751(gs_Color)
针对表:01120692(gs_ConfigType)
针对表:01120755(gs_PaperSubViewsAttitudes)
针对表:01120723(gs_EduClsType)
针对表:01120638(SysVoteType)
针对表:01120631(SysScoreType)
针对表:01120651(SysSecurityLevel)
针对表:01120652(SysOperationType)
针对表:01120664(gs_TopicTaskStatus)
针对表:01120693(gs_UserConfig)
针对表:01120670(gs_PConcepRela)
针对表:01120671(gs_PSocialRela)
针对表:01120672(gs_PSkillRela)
针对表:01120673(gs_PTopicObjectiveRela)
针对表:01120674(gs_PViewpointRela)
针对表:01120680(gs_OriginalPaperLog)
针对表:01120547(PaperReadWrite)
针对表:01120930(JournalSubject)
针对表:01120599(ViewpointAppraise)
针对表:01120578(PaperAttachment)
针对表:01120579(PaperSubAttachment)
针对表:01120561(PaperSubViewpointAppraise)
针对表:01120565(PaperCollectionLog)
针对表:01120614(ObjectiveAttachment)
针对表:01120601(ViewpointLikeLog)
针对表:01120603(ConceptAttachment)
针对表:01120644(SysSocialRelations)
针对表:01120647(SysSkillVer)
针对表:01120648(TopicObjectiveVer)
针对表:01120649(ConceptVer)
针对表:01120650(ViewpointVer)
针对表:01120545(RTViewpointRela)
针对表:01120591(ViewpointAttachment)
针对表:01120592(ViewpointCitation)
针对表:01120594(vViewpointCitation)
针对表:01120769(gs_MeetingMinutesVer)
针对表:01120772(gs_PaperReport)
针对表:01120777(gs_ViewsClassification)
针对表:01120779(gs_ResearchResultAttachment)
针对表:01120686(gs_TeacherTask)
针对表:01120657(RTSysSocialRela)
针对表:01120660(ke_Sub)
针对表:01120661(ke_Super)
针对表:01120683(gs_TotalDataStatistics)
针对表:01120703(gs_TdRelaType)
针对表:01120700(gs_TotalDataRela)
针对表:01120726(sys_RequestPush)
针对表:01120727(sys_RequestType)
针对表:01120715(gs_TagsType)
针对表:01120844(gs_UserRelaPosition)
针对表:01120773(gs_UserRela)
针对表:01120767(gs_AnswerCount)
针对表:01120663(gs_ResearchPlan)
针对表:01120588(DiscussionTopics)
针对表:01120628(SysScoreSummary)
针对表:01120622(SysComment)
针对表:01120627(vSysScoreSummary)
针对表:01120624(vSysComment)
针对表:01120682(vgs_TotalDataStatistics)
针对表:01120586(vDiscussionTopics)
针对表:01120662(vgs_ResearchPlan)
针对表:01120659(vke_Sub)
针对表:01120655(vRTSysSocialRela)
针对表:01120656(vRTSysSkillRela)
针对表:01120695(vgs_RTqa_PaperRela)
针对表:01120774(vgs_TobeStudiedProblem)
针对表:01120593(vViewpointAttachment)
针对表:01120621(vRTResearchResult)
针对表:01120583(vRTPaperRela)
针对表:01120606(vConceptAttachment)
针对表:01120607(vRTConceptRela)
针对表:01120608(vViewpointLikeLog)
针对表:01120616(vRTTopicObjectiveRela)
针对表:01120618(vObjectiveAttachment)
针对表:01120611(vConceptCitation)
针对表:01120612(vResearchTopic)
针对表:01120569(vPaperCollectionLog)
针对表:01120562(vPaperSubViewpointAppraise)
针对表:01120559(vSection)
针对表:01120550(vPaperReadWrite)
针对表:01120747(vgs_PaperParagraph)
针对表:01120691(vgs_UserConfig)
针对表:01120677(vgs_PaperVer)
针对表:01120285(vMessagePushUsersRelation)
针对表:01120665(vgs_PSocialRela)
针对表:01120666(vgs_PSkillRela)
针对表:01120667(vgs_PTopicObjectiveRela)
针对表:01120668(vgs_PConceptRela)
针对表:01120669(vgs_PViewpointRela)
针对表:01120854(vzx_Tags)
针对表:01120634(vqa_Push)
针对表:01120635(vqa_Answer)
针对表:01120636(vqa_Questions)
针对表:01120637(vqa_Paper)
针对表:01120687(vgs_TeachingDate)
针对表:01120075(vcc_CourseExamPaperRelationship)
针对表:01120022(vUserAnswerResult)
针对表:01120143(vQuestionnaire_Knowledge)
针对表:01120017(vAnswer)
针对表:01120947(vcc_KnowledgesExamLibRela_KnowledgeNum)
针对表:01120232(vPlatDefaRole)
针对表:01120341(QuestionRefer)
针对表:01120115(ExportExcelSet)
针对表:01120117(ExportExcel4Users)
针对表:01120886(QuestionnaireAddi)
针对表:01120924(QxDepartmentInfo)
针对表:01120309(UserType)
针对表:01120067(XzDegreeType)
针对表:01120195(XzAdminClsType)
针对表:01120333(cc_CourseSchoolRelation)
针对表:01120280(MessagePush)
针对表:01120476(SenateGaugeItems)
针对表:01120575(CjGetScoreWay)
针对表:01120598(vPaperSubAttachment)
针对表:01120477(vSenateGaugeItems)
针对表:01120479(vSenateGaugeSubItems)
针对表:01120016(vClassifyGatherField)
针对表:01120221(vQuestionnaire4App)
共计生成文件数:0(共计表:459).
