生成日期：20240116165015(当前工程Id:0112, 用户：pyf)
针对界面:01120100(PaperSubViewpointAppraiseCRUD,子观点评论表CRUD)
界面:01120100(PaperSubViewpointAppraiseCRUD,子观点评论表CRUD)有输入、输出相关表如下(表数:2):
1、表:01120561(PaperSubViewpointAppraise)
1、表:01120562(vPaperSubViewpointAppraise)
针对界面:01120101(PaperSubViewpointLikeLogCRUD,子观点点赞表CRUD)
界面:01120101(PaperSubViewpointLikeLogCRUD,子观点点赞表CRUD)有输入、输出相关表如下(表数:2):
1、表:01120560(PaperSubViewpointLikeLog)
1、表:01120563(vPaperSubViewpointLikeLog)
针对界面:01120085(PaperCRUD,论文表CRUD)
界面:01120085(PaperCRUD,论文表CRUD)有输入、输出相关表如下(表数:2):
1、表:01120535(Paper)
1、表:01120549(vPaper)
针对界面:01120236(gs_PaperGroupCRUD,论文分组CRUD)
界面:01120236(gs_PaperGroupCRUD,论文分组CRUD)有输入、输出相关表如下(表数:1):
1、表:01120749(gs_PaperGroup)
针对界面:01120102(PaperCollectionLogCRUD,论文收藏CRUD)
界面:01120102(PaperCollectionLogCRUD,论文收藏CRUD)有输入、输出相关表如下(表数:2):
1、表:01120565(PaperCollectionLog)
1、表:01120569(vPaperCollectionLog)
针对界面:01120103(RTPaperRelaCRUD,RTPaperRelaCRUD)
界面:01120103(RTPaperRelaCRUD,RTPaperRelaCRUD)有输入、输出相关表如下(表数:2):
1、表:01120581(RTPaperRela)
1、表:01120583(vRTPaperRela)
针对界面:01120175(gs_PaperReportCRUD,论文汇报表CRUD)
界面:01120175(gs_PaperReportCRUD,论文汇报表CRUD)有输入、输出相关表如下(表数:2):
1、表:01120772(gs_PaperReport)
1、表:01120771(vgs_PaperReport)
针对界面:01120120(qa_PaperCRUD,论文答疑表CRUD)
界面:01120120(qa_PaperCRUD,论文答疑表CRUD)有输入、输出相关表如下(表数:2):
1、表:01120643(qa_Paper)
1、表:01120637(vqa_Paper)
针对界面:01120241(gs_PaperVerCRUD,论文历史版本表维护)
界面:01120241(gs_PaperVerCRUD,论文历史版本表维护)有输入、输出相关表如下(表数:1):
1、表:01120678(gs_PaperVer)
针对界面:01120089(PaperSubViewpointCRUD,子观点表CRUD)
界面:01120089(PaperSubViewpointCRUD,子观点表CRUD)有输入、输出相关表如下(表数:2):
1、表:01120534(PaperSubViewpoint)
1、表:01120551(vPaperSubViewpoint)
针对界面:01120094(MajorDirectionPaperRelaCRUD,专业方向论文关系CRUD)
界面:01120094(MajorDirectionPaperRelaCRUD,专业方向论文关系CRUD)有输入、输出相关表如下(表数:2):
1、表:01120554(MajorDirectionPaperRela)
1、表:01120555(vMajorDirectionPaperRela)
针对界面:01120170(gs_PaperParagraphCRUD,论文段落表CRUD)
界面:01120170(gs_PaperParagraphCRUD,论文段落表CRUD)有输入、输出相关表如下(表数:2):
1、表:01120744(gs_PaperParagraph)
1、表:01120747(vgs_PaperParagraph)
针对界面:01120243(gs_PaperAttentionCRUD,gs_PaperAttention维护)
界面:01120243(gs_PaperAttentionCRUD,gs_PaperAttention维护)有输入、输出相关表如下(表数:1):
1、表:01120748(gs_PaperAttention)
针对界面:01120088(PaperReadWriteCRUD,论文读写表CRUD)
界面:01120088(PaperReadWriteCRUD,论文读写表CRUD)有输入、输出相关表如下(表数:2):
1、表:01120547(PaperReadWrite)
1、表:01120550(vPaperReadWrite)
共计生成文件数:126(共计：126个界面文件, 0个表文件)(界面数:14, 相关表数:25).
